# JRE version: OpenJDK Runtime Environment (8.0_312-b07) (build 1.8.0_312-b07)
# Java VM: OpenJDK 64-Bit Server VM (25.312-b07 mixed mode bsd-amd64 compressed oops)
Heap:
 PSYoungGen      total 253440K, used 208121K [0x0000000795580000, 0x00000007a7380000, 0x00000007c0000000)
  eden space 212992K, 91% used [0x0000000795580000,0x00000007a1355600,0x00000007a2580000)
  from space 40448K, 33% used [0x00000007a4c00000,0x00000007a5969120,0x00000007a7380000)
  to   space 39424K, 0% used [0x00000007a2580000,0x00000007a2580000,0x00000007a4c00000)
 ParOldGen       total 256000K, used 151257K [0x0000000740000000, 0x000000074fa00000, 0x0000000795580000)
  object space 256000K, 59% used [0x0000000740000000,0x00000007493b6420,0x000000074fa00000)
 Metaspace       used 27845K, capacity 29596K, committed 29952K, reserved 1075200K
  class space    used 3652K, capacity 3979K, committed 4096K, reserved 1048576K
GC Heap History (10 events):
Event: 3.376 GC heap before
{Heap before GC invocations=7 (full 2):
 PSYoungGen      total 71680K, used 4224K [0x0000000795580000, 0x00000007a2c00000, 0x00000007c0000000)
  eden space 66560K, 0% used [0x0000000795580000,0x0000000795580000,0x0000000799680000)
  from space 5120K, 82% used [0x0000000799680000,0x0000000799aa01a0,0x0000000799b80000)
  to   space 46080K, 0% used [0x000000079ff00000,0x000000079ff00000,0x00000007a2c00000)
 ParOldGen       total 156160K, used 128404K [0x0000000740000000, 0x0000000749880000, 0x0000000795580000)
  object space 156160K, 82% used [0x0000000740000000,0x0000000747d650b0,0x0000000749880000)
 Metaspace       used 12293K, capacity 12718K, committed 12800K, reserved 1060864K
  class space    used 1628K, capacity 1758K, committed 1792K, reserved 1048576K
Event: 3.427 GC heap after
Heap after GC invocations=7 (full 2):
 PSYoungGen      total 71680K, used 0K [0x0000000795580000, 0x00000007a2c00000, 0x00000007c0000000)
  eden space 66560K, 0% used [0x0000000795580000,0x0000000795580000,0x0000000799680000)
  from space 5120K, 0% used [0x0000000799680000,0x0000000799680000,0x0000000799b80000)
  to   space 46080K, 0% used [0x000000079ff00000,0x000000079ff00000,0x00000007a2c00000)
 ParOldGen       total 230912K, used 132320K [0x0000000740000000, 0x000000074e180000, 0x0000000795580000)
  object space 230912K, 57% used [0x0000000740000000,0x0000000748138360,0x000000074e180000)
 Metaspace       used 12293K, capacity 12718K, committed 12800K, reserved 1060864K
  class space    used 1628K, capacity 1758K, committed 1792K, reserved 1048576K
}
Event: 55.413 GC heap before
{Heap before GC invocations=8 (full 2):
 PSYoungGen      total 71680K, used 66560K [0x0000000795580000, 0x00000007a2c00000, 0x00000007c0000000)
  eden space 66560K, 100% used [0x0000000795580000,0x0000000799680000,0x0000000799680000)
  from space 5120K, 0% used [0x0000000799680000,0x0000000799680000,0x0000000799b80000)
  to   space 46080K, 0% used [0x000000079ff00000,0x000000079ff00000,0x00000007a2c00000)
 ParOldGen       total 230912K, used 132320K [0x0000000740000000, 0x000000074e180000, 0x0000000795580000)
  object space 230912K, 57% used [0x0000000740000000,0x0000000748138360,0x000000074e180000)
 Metaspace       used 19385K, capacity 20168K, committed 20352K, reserved 1067008K
  class space    used 2623K, capacity 2821K, committed 2944K, reserved 1048576K
Event: 55.433 GC heap after
Heap after GC invocations=8 (full 2):
 PSYoungGen      total 154112K, used 23274K [0x0000000795580000, 0x00000007a2000000, 0x00000007c0000000)
  eden space 120320K, 0% used [0x0000000795580000,0x0000000795580000,0x000000079cb00000)
  from space 33792K, 68% used [0x000000079ff00000,0x00000007a15bab38,0x00000007a2000000)
  to   space 43520K, 0% used [0x000000079cb00000,0x000000079cb00000,0x000000079f580000)
 ParOldGen       total 230912K, used 132328K [0x0000000740000000, 0x000000074e180000, 0x0000000795580000)
  object space 230912K, 57% used [0x0000000740000000,0x000000074813a360,0x000000074e180000)
 Metaspace       used 19385K, capacity 20168K, committed 20352K, reserved 1067008K
  class space    used 2623K, capacity 2821K, committed 2944K, reserved 1048576K
}
Event: 55.823 GC heap before
{Heap before GC invocations=9 (full 2):
 PSYoungGen      total 154112K, used 27343K [0x0000000795580000, 0x00000007a2000000, 0x00000007c0000000)
  eden space 120320K, 3% used [0x0000000795580000,0x00000007959792c0,0x000000079cb00000)
  from space 33792K, 68% used [0x000000079ff00000,0x00000007a15bab38,0x00000007a2000000)
  to   space 43520K, 0% used [0x000000079cb00000,0x000000079cb00000,0x000000079f580000)
 ParOldGen       total 230912K, used 132328K [0x0000000740000000, 0x000000074e180000, 0x0000000795580000)
  object space 230912K, 57% used [0x0000000740000000,0x000000074813a360,0x000000074e180000)
 Metaspace       used 20273K, capacity 21064K, committed 21248K, reserved 1067008K
  class space    used 2713K, capacity 2949K, committed 3072K, reserved 1048576K
Event: 55.838 GC heap after
Heap after GC invocations=9 (full 2):
 PSYoungGen      total 163840K, used 20351K [0x0000000795580000, 0x00000007a7380000, 0x00000007c0000000)
  eden space 120320K, 0% used [0x0000000795580000,0x0000000795580000,0x000000079cb00000)
  from space 43520K, 46% used [0x000000079cb00000,0x000000079dedfe98,0x000000079f580000)
  to   space 40448K, 0% used [0x00000007a4c00000,0x00000007a4c00000,0x00000007a7380000)
 ParOldGen       total 230912K, used 132336K [0x0000000740000000, 0x000000074e180000, 0x0000000795580000)
  object space 230912K, 57% used [0x0000000740000000,0x000000074813c360,0x000000074e180000)
 Metaspace       used 20273K, capacity 21064K, committed 21248K, reserved 1067008K
  class space    used 2713K, capacity 2949K, committed 3072K, reserved 1048576K
}
Event: 55.838 GC heap before
{Heap before GC invocations=10 (full 3):
 PSYoungGen      total 163840K, used 20351K [0x0000000795580000, 0x00000007a7380000, 0x00000007c0000000)
  eden space 120320K, 0% used [0x0000000795580000,0x0000000795580000,0x000000079cb00000)
  from space 43520K, 46% used [0x000000079cb00000,0x000000079dedfe98,0x000000079f580000)
  to   space 40448K, 0% used [0x00000007a4c00000,0x00000007a4c00000,0x00000007a7380000)
 ParOldGen       total 230912K, used 132336K [0x0000000740000000, 0x000000074e180000, 0x0000000795580000)
  object space 230912K, 57% used [0x0000000740000000,0x000000074813c360,0x000000074e180000)
 Metaspace       used 20273K, capacity 21064K, committed 21248K, reserved 1067008K
  class space    used 2713K, capacity 2949K, committed 3072K, reserved 1048576K
Event: 55.947 GC heap after
Heap after GC invocations=10 (full 3):
 PSYoungGen      total 163840K, used 0K [0x0000000795580000, 0x00000007a7380000, 0x00000007c0000000)
  eden space 120320K, 0% used [0x0000000795580000,0x0000000795580000,0x000000079cb00000)
  from space 43520K, 0% used [0x000000079cb00000,0x000000079cb00000,0x000000079f580000)
  to   space 40448K, 0% used [0x00000007a4c00000,0x00000007a4c00000,0x00000007a7380000)
 ParOldGen       total 256000K, used 151249K [0x0000000740000000, 0x000000074fa00000, 0x0000000795580000)
  object space 256000K, 59% used [0x0000000740000000,0x00000007493b4420,0x000000074fa00000)
 Metaspace       used 20273K, capacity 21064K, committed 21248K, reserved 1067008K
  class space    used 2713K, capacity 2949K, committed 3072K, reserved 1048576K
}
Event: 139.713 GC heap before
{Heap before GC invocations=11 (full 3):
 PSYoungGen      total 163840K, used 120320K [0x0000000795580000, 0x00000007a7380000, 0x00000007c0000000)
  eden space 120320K, 100% used [0x0000000795580000,0x000000079cb00000,0x000000079cb00000)
  from space 43520K, 0% used [0x000000079cb00000,0x000000079cb00000,0x000000079f580000)
  to   space 40448K, 0% used [0x00000007a4c00000,0x00000007a4c00000,0x00000007a7380000)
 ParOldGen       total 256000K, used 151249K [0x0000000740000000, 0x000000074fa00000, 0x0000000795580000)
  object space 256000K, 59% used [0x0000000740000000,0x00000007493b4420,0x000000074fa00000)
 Metaspace       used 26138K, capacity 27688K, committed 27904K, reserved 1073152K
  class space    used 3491K, capacity 3797K, committed 3840K, reserved 1048576K
Event: 139.759 GC heap after
Heap after GC invocations=11 (full 3):
 PSYoungGen      total 253440K, used 13732K [0x0000000795580000, 0x00000007a7380000, 0x00000007c0000000)
  eden space 212992K, 0% used [0x0000000795580000,0x0000000795580000,0x00000007a2580000)
  from space 40448K, 33% used [0x00000007a4c00000,0x00000007a5969120,0x00000007a7380000)
  to   space 39424K, 0% used [0x00000007a2580000,0x00000007a2580000,0x00000007a4c00000)
 ParOldGen       total 256000K, used 151257K [0x0000000740000000, 0x000000074fa00000, 0x0000000795580000)
  object space 256000K, 59% used [0x0000000740000000,0x00000007493b6420,0x000000074fa00000)
 Metaspace       used 26138K, capacity 27688K, committed 27904K, reserved 1073152K
  class space    used 3491K, capacity 3797K, committed 3840K, reserved 1048576K
}

