# JRE version: OpenJDK Runtime Environment (8.0_312-b07) (build 1.8.0_312-b07)
# Java VM: OpenJDK 64-Bit Server VM (25.312-b07 mixed mode bsd-amd64 compressed oops)
Heap:
 PSYoungGen      total 71680K, used 47530K [0x0000000795580000, 0x00000007a2d00000, 0x00000007c0000000)
  eden space 66560K, 71% used [0x0000000795580000,0x00000007983eab28,0x0000000799680000)
  from space 5120K, 0% used [0x0000000799680000,0x0000000799680000,0x0000000799b80000)
  to   space 46080K, 0% used [0x00000007a0000000,0x00000007a0000000,0x00000007a2d00000)
 ParOldGen       total 237056K, used 132316K [0x0000000740000000, 0x000000074e780000, 0x0000000795580000)
  object space 237056K, 55% used [0x0000000740000000,0x00000007481370c8,0x000000074e780000)
 Metaspace       used 17930K, capacity 18718K, committed 18944K, reserved 1064960K
  class space    used 2507K, capacity 2706K, committed 2816K, reserved 1048576K
GC Heap History (10 events):
Event: 3.747 GC heap before
{Heap before GC invocations=3 (full 0):
 PSYoungGen      total 38400K, used 37615K [0x0000000795580000, 0x000000079a080000, 0x00000007c0000000)
  eden space 33280K, 97% used [0x0000000795580000,0x000000079753c450,0x0000000797600000)
  from space 5120K, 99% used [0x0000000797b00000,0x0000000797fffa00,0x0000000798000000)
  to   space 5120K, 0% used [0x0000000797600000,0x0000000797600000,0x0000000797b00000)
 ParOldGen       total 87552K, used 25427K [0x0000000740000000, 0x0000000745580000, 0x0000000795580000)
  object space 87552K, 29% used [0x0000000740000000,0x00000007418d4d70,0x0000000745580000)
 Metaspace       used 12291K, capacity 12702K, committed 12800K, reserved 1060864K
  class space    used 1629K, capacity 1726K, committed 1792K, reserved 1048576K
Event: 3.769 GC heap after
Heap after GC invocations=3 (full 0):
 PSYoungGen      total 38400K, used 5118K [0x0000000795580000, 0x000000079a080000, 0x00000007c0000000)
  eden space 33280K, 0% used [0x0000000795580000,0x0000000795580000,0x0000000797600000)
  from space 5120K, 99% used [0x0000000797600000,0x0000000797affbb8,0x0000000797b00000)
  to   space 5120K, 0% used [0x0000000799b80000,0x0000000799b80000,0x000000079a080000)
 ParOldGen       total 87552K, used 50826K [0x0000000740000000, 0x0000000745580000, 0x0000000795580000)
  object space 87552K, 58% used [0x0000000740000000,0x00000007431a2990,0x0000000745580000)
 Metaspace       used 12291K, capacity 12702K, committed 12800K, reserved 1060864K
  class space    used 1629K, capacity 1726K, committed 1792K, reserved 1048576K
}
Event: 3.868 GC heap before
{Heap before GC invocations=4 (full 0):
 PSYoungGen      total 38400K, used 37879K [0x0000000795580000, 0x000000079a080000, 0x00000007c0000000)
  eden space 33280K, 98% used [0x0000000795580000,0x000000079757e388,0x0000000797600000)
  from space 5120K, 99% used [0x0000000797600000,0x0000000797affbb8,0x0000000797b00000)
  to   space 5120K, 0% used [0x0000000799b80000,0x0000000799b80000,0x000000079a080000)
 ParOldGen       total 87552K, used 50826K [0x0000000740000000, 0x0000000745580000, 0x0000000795580000)
  object space 87552K, 58% used [0x0000000740000000,0x00000007431a2990,0x0000000745580000)
 Metaspace       used 12291K, capacity 12702K, committed 12800K, reserved 1060864K
  class space    used 1629K, capacity 1726K, committed 1792K, reserved 1048576K
Event: 3.909 GC heap after
Heap after GC invocations=4 (full 0):
 PSYoungGen      total 71680K, used 5103K [0x0000000795580000, 0x000000079a080000, 0x00000007c0000000)
  eden space 66560K, 0% used [0x0000000795580000,0x0000000795580000,0x0000000799680000)
  from space 5120K, 99% used [0x0000000799b80000,0x000000079a07bf50,0x000000079a080000)
  to   space 5120K, 0% used [0x0000000799680000,0x0000000799680000,0x0000000799b80000)
 ParOldGen       total 87552K, used 77234K [0x0000000740000000, 0x0000000745580000, 0x0000000795580000)
  object space 87552K, 88% used [0x0000000740000000,0x0000000744b6c800,0x0000000745580000)
 Metaspace       used 12291K, capacity 12702K, committed 12800K, reserved 1060864K
  class space    used 1629K, capacity 1726K, committed 1792K, reserved 1048576K
}
Event: 3.909 GC heap before
{Heap before GC invocations=5 (full 1):
 PSYoungGen      total 71680K, used 5103K [0x0000000795580000, 0x000000079a080000, 0x00000007c0000000)
  eden space 66560K, 0% used [0x0000000795580000,0x0000000795580000,0x0000000799680000)
  from space 5120K, 99% used [0x0000000799b80000,0x000000079a07bf50,0x000000079a080000)
  to   space 5120K, 0% used [0x0000000799680000,0x0000000799680000,0x0000000799b80000)
 ParOldGen       total 87552K, used 77234K [0x0000000740000000, 0x0000000745580000, 0x0000000795580000)
  object space 87552K, 88% used [0x0000000740000000,0x0000000744b6c800,0x0000000745580000)
 Metaspace       used 12291K, capacity 12702K, committed 12800K, reserved 1060864K
  class space    used 1629K, capacity 1726K, committed 1792K, reserved 1048576K
Event: 3.968 GC heap after
Heap after GC invocations=5 (full 1):
 PSYoungGen      total 71680K, used 0K [0x0000000795580000, 0x000000079a080000, 0x00000007c0000000)
  eden space 66560K, 0% used [0x0000000795580000,0x0000000795580000,0x0000000799680000)
  from space 5120K, 0% used [0x0000000799b80000,0x0000000799b80000,0x000000079a080000)
  to   space 5120K, 0% used [0x0000000799680000,0x0000000799680000,0x0000000799b80000)
 ParOldGen       total 155136K, used 79570K [0x0000000740000000, 0x0000000749780000, 0x0000000795580000)
  object space 155136K, 51% used [0x0000000740000000,0x0000000744db48b0,0x0000000749780000)
 Metaspace       used 12291K, capacity 12702K, committed 12800K, reserved 1060864K
  class space    used 1629K, capacity 1726K, committed 1792K, reserved 1048576K
}
Event: 4.131 GC heap before
{Heap before GC invocations=6 (full 1):
 PSYoungGen      total 71680K, used 66560K [0x0000000795580000, 0x000000079a080000, 0x00000007c0000000)
  eden space 66560K, 100% used [0x0000000795580000,0x0000000799680000,0x0000000799680000)
  from space 5120K, 0% used [0x0000000799b80000,0x0000000799b80000,0x000000079a080000)
  to   space 5120K, 0% used [0x0000000799680000,0x0000000799680000,0x0000000799b80000)
 ParOldGen       total 155136K, used 79570K [0x0000000740000000, 0x0000000749780000, 0x0000000795580000)
  object space 155136K, 51% used [0x0000000740000000,0x0000000744db48b0,0x0000000749780000)
 Metaspace       used 12291K, capacity 12702K, committed 12800K, reserved 1060864K
  class space    used 1629K, capacity 1726K, committed 1792K, reserved 1048576K
Event: 4.213 GC heap after
Heap after GC invocations=6 (full 1):
 PSYoungGen      total 71680K, used 4224K [0x0000000795580000, 0x00000007a2d00000, 0x00000007c0000000)
  eden space 66560K, 0% used [0x0000000795580000,0x0000000795580000,0x0000000799680000)
  from space 5120K, 82% used [0x0000000799680000,0x0000000799aa01a0,0x0000000799b80000)
  to   space 46080K, 0% used [0x00000007a0000000,0x00000007a0000000,0x00000007a2d00000)
 ParOldGen       total 155136K, used 128399K [0x0000000740000000, 0x0000000749780000, 0x0000000795580000)
  object space 155136K, 82% used [0x0000000740000000,0x0000000747d63c50,0x0000000749780000)
 Metaspace       used 12291K, capacity 12702K, committed 12800K, reserved 1060864K
  class space    used 1629K, capacity 1726K, committed 1792K, reserved 1048576K
}
Event: 4.213 GC heap before
{Heap before GC invocations=7 (full 2):
 PSYoungGen      total 71680K, used 4224K [0x0000000795580000, 0x00000007a2d00000, 0x00000007c0000000)
  eden space 66560K, 0% used [0x0000000795580000,0x0000000795580000,0x0000000799680000)
  from space 5120K, 82% used [0x0000000799680000,0x0000000799aa01a0,0x0000000799b80000)
  to   space 46080K, 0% used [0x00000007a0000000,0x00000007a0000000,0x00000007a2d00000)
 ParOldGen       total 155136K, used 128399K [0x0000000740000000, 0x0000000749780000, 0x0000000795580000)
  object space 155136K, 82% used [0x0000000740000000,0x0000000747d63c50,0x0000000749780000)
 Metaspace       used 12291K, capacity 12702K, committed 12800K, reserved 1060864K
  class space    used 1629K, capacity 1726K, committed 1792K, reserved 1048576K
Event: 4.273 GC heap after
Heap after GC invocations=7 (full 2):
 PSYoungGen      total 71680K, used 0K [0x0000000795580000, 0x00000007a2d00000, 0x00000007c0000000)
  eden space 66560K, 0% used [0x0000000795580000,0x0000000795580000,0x0000000799680000)
  from space 5120K, 0% used [0x0000000799680000,0x0000000799680000,0x0000000799b80000)
  to   space 46080K, 0% used [0x00000007a0000000,0x00000007a0000000,0x00000007a2d00000)
 ParOldGen       total 237056K, used 132316K [0x0000000740000000, 0x000000074e780000, 0x0000000795580000)
  object space 237056K, 55% used [0x0000000740000000,0x00000007481370c8,0x000000074e780000)
 Metaspace       used 12291K, capacity 12702K, committed 12800K, reserved 1060864K
  class space    used 1629K, capacity 1726K, committed 1792K, reserved 1048576K
}

