# JRE version: OpenJDK Runtime Environment (8.0_312-b07) (build 1.8.0_312-b07)
# Java VM: OpenJDK 64-Bit Server VM (25.312-b07 mixed mode bsd-amd64 compressed oops)
Heap:
 PSYoungGen      total 38400K, used 8852K [0x0000000795580000, 0x0000000798b80000, 0x00000007c0000000)
  eden space 30720K, 3% used [0x0000000795580000,0x00000007956aa7c8,0x0000000797380000)
  from space 7680K, 99% used [0x0000000797400000,0x0000000797b7ab40,0x0000000797b80000)
  to   space 12288K, 0% used [0x0000000797f80000,0x0000000797f80000,0x0000000798b80000)
 ParOldGen       total 56320K, used 15018K [0x0000000740000000, 0x0000000743700000, 0x0000000795580000)
  object space 56320K, 26% used [0x0000000740000000,0x0000000740eaaa90,0x0000000743700000)
 Metaspace       used 26817K, capacity 28474K, committed 28800K, reserved 1075200K
  class space    used 3545K, capacity 3876K, committed 3968K, reserved 1048576K
GC Heap History (10 events):
Event: 275.643 GC heap before
{Heap before GC invocations=6 (full 1):
 PSYoungGen      total 38400K, used 36336K [0x0000000795580000, 0x0000000798000000, 0x00000007c0000000)
  eden space 33280K, 100% used [0x0000000795580000,0x0000000797600000,0x0000000797600000)
  from space 5120K, 59% used [0x0000000797b00000,0x0000000797dfc240,0x0000000798000000)
  to   space 5120K, 0% used [0x0000000797600000,0x0000000797600000,0x0000000797b00000)
 ParOldGen       total 56320K, used 13758K [0x0000000740000000, 0x0000000743700000, 0x0000000795580000)
  object space 56320K, 24% used [0x0000000740000000,0x0000000740d6f8a8,0x0000000743700000)
 Metaspace       used 25068K, capacity 26528K, committed 26752K, reserved 1073152K
  class space    used 3384K, capacity 3683K, committed 3712K, reserved 1048576K
Event: 275.654 GC heap after
Heap after GC invocations=6 (full 1):
 PSYoungGen      total 37888K, used 5107K [0x0000000795580000, 0x0000000799080000, 0x00000007c0000000)
  eden space 32768K, 0% used [0x0000000795580000,0x0000000795580000,0x0000000797580000)
  from space 5120K, 99% used [0x0000000797600000,0x0000000797afce60,0x0000000797b00000)
  to   space 13824K, 0% used [0x0000000798300000,0x0000000798300000,0x0000000799080000)
 ParOldGen       total 56320K, used 14994K [0x0000000740000000, 0x0000000743700000, 0x0000000795580000)
  object space 56320K, 26% used [0x0000000740000000,0x0000000740ea4a90,0x0000000743700000)
 Metaspace       used 25068K, capacity 26528K, committed 26752K, reserved 1073152K
  class space    used 3384K, capacity 3683K, committed 3712K, reserved 1048576K
}
Event: 297.334 GC heap before
{Heap before GC invocations=7 (full 1):
 PSYoungGen      total 37888K, used 37875K [0x0000000795580000, 0x0000000799080000, 0x00000007c0000000)
  eden space 32768K, 100% used [0x0000000795580000,0x0000000797580000,0x0000000797580000)
  from space 5120K, 99% used [0x0000000797600000,0x0000000797afce60,0x0000000797b00000)
  to   space 13824K, 0% used [0x0000000798300000,0x0000000798300000,0x0000000799080000)
 ParOldGen       total 56320K, used 14994K [0x0000000740000000, 0x0000000743700000, 0x0000000795580000)
  object space 56320K, 26% used [0x0000000740000000,0x0000000740ea4a90,0x0000000743700000)
 Metaspace       used 26151K, capacity 27748K, committed 28032K, reserved 1073152K
  class space    used 3519K, capacity 3843K, committed 3968K, reserved 1048576K
Event: 297.345 GC heap after
Heap after GC invocations=7 (full 1):
 PSYoungGen      total 45568K, used 8999K [0x0000000795580000, 0x0000000799000000, 0x00000007c0000000)
  eden space 32256K, 0% used [0x0000000795580000,0x0000000795580000,0x0000000797500000)
  from space 13312K, 67% used [0x0000000798300000,0x0000000798bc9d50,0x0000000799000000)
  to   space 13824K, 0% used [0x0000000797500000,0x0000000797500000,0x0000000798280000)
 ParOldGen       total 56320K, used 15002K [0x0000000740000000, 0x0000000743700000, 0x0000000795580000)
  object space 56320K, 26% used [0x0000000740000000,0x0000000740ea6a90,0x0000000743700000)
 Metaspace       used 26151K, capacity 27748K, committed 28032K, reserved 1073152K
  class space    used 3519K, capacity 3843K, committed 3968K, reserved 1048576K
}
Event: 308.351 GC heap before
{Heap before GC invocations=8 (full 1):
 PSYoungGen      total 45568K, used 41255K [0x0000000795580000, 0x0000000799000000, 0x00000007c0000000)
  eden space 32256K, 100% used [0x0000000795580000,0x0000000797500000,0x0000000797500000)
  from space 13312K, 67% used [0x0000000798300000,0x0000000798bc9d50,0x0000000799000000)
  to   space 13824K, 0% used [0x0000000797500000,0x0000000797500000,0x0000000798280000)
 ParOldGen       total 56320K, used 15002K [0x0000000740000000, 0x0000000743700000, 0x0000000795580000)
  object space 56320K, 26% used [0x0000000740000000,0x0000000740ea6a90,0x0000000743700000)
 Metaspace       used 26318K, capacity 27896K, committed 28032K, reserved 1073152K
  class space    used 3523K, capacity 3849K, committed 3968K, reserved 1048576K
Event: 308.358 GC heap after
Heap after GC invocations=8 (full 1):
 PSYoungGen      total 38912K, used 6951K [0x0000000795580000, 0x0000000798e80000, 0x00000007c0000000)
  eden space 31744K, 0% used [0x0000000795580000,0x0000000795580000,0x0000000797480000)
  from space 7168K, 96% used [0x0000000797500000,0x0000000797bc9cc0,0x0000000797c00000)
  to   space 13312K, 0% used [0x0000000798180000,0x0000000798180000,0x0000000798e80000)
 ParOldGen       total 56320K, used 15010K [0x0000000740000000, 0x0000000743700000, 0x0000000795580000)
  object space 56320K, 26% used [0x0000000740000000,0x0000000740ea8a90,0x0000000743700000)
 Metaspace       used 26318K, capacity 27896K, committed 28032K, reserved 1073152K
  class space    used 3523K, capacity 3849K, committed 3968K, reserved 1048576K
}
Event: 346.152 GC heap before
{Heap before GC invocations=9 (full 1):
 PSYoungGen      total 38912K, used 38695K [0x0000000795580000, 0x0000000798e80000, 0x00000007c0000000)
  eden space 31744K, 100% used [0x0000000795580000,0x0000000797480000,0x0000000797480000)
  from space 7168K, 96% used [0x0000000797500000,0x0000000797bc9cc0,0x0000000797c00000)
  to   space 13312K, 0% used [0x0000000798180000,0x0000000798180000,0x0000000798e80000)
 ParOldGen       total 56320K, used 15010K [0x0000000740000000, 0x0000000743700000, 0x0000000795580000)
  object space 56320K, 26% used [0x0000000740000000,0x0000000740ea8a90,0x0000000743700000)
 Metaspace       used 26485K, capacity 28068K, committed 28288K, reserved 1073152K
  class space    used 3525K, capacity 3853K, committed 3968K, reserved 1048576K
Event: 346.161 GC heap after
Heap after GC invocations=9 (full 1):
 PSYoungGen      total 41984K, used 7274K [0x0000000795580000, 0x0000000798c00000, 0x00000007c0000000)
  eden space 31232K, 0% used [0x0000000795580000,0x0000000795580000,0x0000000797400000)
  from space 10752K, 67% used [0x0000000798180000,0x000000079889ab40,0x0000000798c00000)
  to   space 12288K, 0% used [0x0000000797400000,0x0000000797400000,0x0000000798000000)
 ParOldGen       total 56320K, used 15018K [0x0000000740000000, 0x0000000743700000, 0x0000000795580000)
  object space 56320K, 26% used [0x0000000740000000,0x0000000740eaaa90,0x0000000743700000)
 Metaspace       used 26485K, capacity 28068K, committed 28288K, reserved 1073152K
  class space    used 3525K, capacity 3853K, committed 3968K, reserved 1048576K
}
Event: 364.150 GC heap before
{Heap before GC invocations=10 (full 1):
 PSYoungGen      total 41984K, used 38506K [0x0000000795580000, 0x0000000798c00000, 0x00000007c0000000)
  eden space 31232K, 100% used [0x0000000795580000,0x0000000797400000,0x0000000797400000)
  from space 10752K, 67% used [0x0000000798180000,0x000000079889ab40,0x0000000798c00000)
  to   space 12288K, 0% used [0x0000000797400000,0x0000000797400000,0x0000000798000000)
 ParOldGen       total 56320K, used 15018K [0x0000000740000000, 0x0000000743700000, 0x0000000795580000)
  object space 56320K, 26% used [0x0000000740000000,0x0000000740eaaa90,0x0000000743700000)
 Metaspace       used 26811K, capacity 28474K, committed 28800K, reserved 1075200K
  class space    used 3545K, capacity 3876K, committed 3968K, reserved 1048576K
Event: 364.158 GC heap after
Heap after GC invocations=10 (full 1):
 PSYoungGen      total 38400K, used 7658K [0x0000000795580000, 0x0000000798b80000, 0x00000007c0000000)
  eden space 30720K, 0% used [0x0000000795580000,0x0000000795580000,0x0000000797380000)
  from space 7680K, 99% used [0x0000000797400000,0x0000000797b7ab40,0x0000000797b80000)
  to   space 12288K, 0% used [0x0000000797f80000,0x0000000797f80000,0x0000000798b80000)
 ParOldGen       total 56320K, used 15018K [0x0000000740000000, 0x0000000743700000, 0x0000000795580000)
  object space 56320K, 26% used [0x0000000740000000,0x0000000740eaaa90,0x0000000743700000)
 Metaspace       used 26811K, capacity 28474K, committed 28800K, reserved 1075200K
  class space    used 3545K, capacity 3876K, committed 3968K, reserved 1048576K
}

